<?xml version="1.0" encoding="UTF-8"?>
<!-- Generated by org.testng.reporters.JUnitReportReporter -->
<testsuite hostname="LAPTOP-VEI73BV7" failures="0" tests="11" name="testng_selenium.SimpleEbayTests" time="0.067" errors="1" timestamp="2025-08-14T11:06:08 IST" skipped="10">
  <testcase classname="testng_selenium.SimpleEbayTests" name="test1Login" time="0.000">
    <skipped/>
  </testcase> <!-- test1Login -->
  <testcase classname="testng_selenium.SimpleEbayTests" name="test4DeleteFromCart" time="0.000">
    <skipped/>
  </testcase> <!-- test4DeleteFromCart -->
  <testcase classname="testng_selenium.SimpleEbayTests" name="test5ChangeLoginName" time="0.001">
    <skipped/>
  </testcase> <!-- test5ChangeLoginName -->
  <testcase classname="testng_selenium.SimpleEbayTests" name="test10ChangeLanguage" time="0.000">
    <skipped/>
  </testcase> <!-- test10ChangeLanguage -->
  <testcase classname="testng_selenium.SimpleEbayTests" name="test6ChangeAddress" time="0.000">
    <skipped/>
  </testcase> <!-- test6ChangeAddress -->
  <testcase classname="testng_selenium.SimpleEbayTests" name="test7ShopByCategory" time="0.002">
    <skipped/>
  </testcase> <!-- test7ShopByCategory -->
  <testcase classname="testng_selenium.SimpleEbayTests" name="test2MultipleSearches" time="0.000">
    <skipped/>
  </testcase> <!-- test2MultipleSearches -->
  <testcase classname="testng_selenium.SimpleEbayTests" name="setUp" time="0.064">
    <error message="Unable to obtain: chromedriver, error chromedriver must exist: path\to\chromedriver
For documentation on this error, please visit: https://www.selenium.dev/documentation/webdriver/troubleshooting/errors/driver_location/
Build info: version: &#039;4.34.0&#039;, revision: &#039;2a4c61c498&#039;
System info: os.name: &#039;Windows 11&#039;, os.arch: &#039;amd64&#039;, os.version: &#039;10.0&#039;, java.version: &#039;24.0.2&#039;
Driver info: driver.version: ChromeDriver" type="org.openqa.selenium.remote.NoSuchDriverException">
      <![CDATA[org.openqa.selenium.remote.NoSuchDriverException: Unable to obtain: chromedriver, error chromedriver must exist: path\to\chromedriver
For documentation on this error, please visit: https://www.selenium.dev/documentation/webdriver/troubleshooting/errors/driver_location/
Build info: version: '4.34.0', revision: '2a4c61c498'
System info: os.name: 'Windows 11', os.arch: 'amd64', os.version: '10.0', java.version: '24.0.2'
Driver info: driver.version: ChromeDriver
at org.openqa.selenium.remote.service.DriverFinder.getBinaryPaths(DriverFinder.java:124)
at org.openqa.selenium.remote.service.DriverFinder.getDriverPath(DriverFinder.java:55)
at org.openqa.selenium.chrome.ChromeDriver.generateExecutor(ChromeDriver.java:99)
at org.openqa.selenium.chrome.ChromeDriver.<init>(ChromeDriver.java:88)
at org.openqa.selenium.chrome.ChromeDriver.<init>(ChromeDriver.java:83)
at org.openqa.selenium.chrome.ChromeDriver.<init>(ChromeDriver.java:51)
at testng_selenium.SimpleEbayTests.setUp(SimpleEbayTests.java:29)
at java.base/jdk.internal.reflect.DirectMethodHandleAccessor.invoke(DirectMethodHandleAccessor.java:104)
at java.base/java.lang.reflect.Method.invoke(Method.java:565)
at org.testng.internal.invokers.MethodInvocationHelper.invokeMethod(MethodInvocationHelper.java:141)
at org.testng.internal.invokers.MethodInvocationHelper.invokeMethodConsideringTimeout(MethodInvocationHelper.java:71)
at org.testng.internal.invokers.ConfigInvoker.invokeConfigurationMethod(ConfigInvoker.java:400)
at org.testng.internal.invokers.ConfigInvoker.invokeConfigurations(ConfigInvoker.java:333)
at org.testng.internal.invokers.TestInvoker.runConfigMethods(TestInvoker.java:836)
at org.testng.internal.invokers.TestInvoker.invokeMethod(TestInvoker.java:601)
at org.testng.internal.invokers.TestInvoker.invokeTestMethod(TestInvoker.java:230)
at org.testng.internal.invokers.MethodRunner.runInSequence(MethodRunner.java:63)
at org.testng.internal.invokers.TestInvoker$MethodInvocationAgent.invoke(TestInvoker.java:995)
at org.testng.internal.invokers.TestInvoker.invokeTestMethods(TestInvoker.java:203)
at org.testng.internal.invokers.TestMethodWorker.invokeTestMethods(TestMethodWorker.java:154)
at org.testng.internal.invokers.TestMethodWorker.run(TestMethodWorker.java:134)
at java.base/java.util.ArrayList.forEach(ArrayList.java:1604)
at org.testng.TestRunner.privateRun(TestRunner.java:741)
at org.testng.TestRunner.run(TestRunner.java:616)
at org.testng.SuiteRunner.runTest(SuiteRunner.java:421)
at org.testng.SuiteRunner.runSequentially(SuiteRunner.java:413)
at org.testng.SuiteRunner.privateRun(SuiteRunner.java:373)
at org.testng.SuiteRunner.run(SuiteRunner.java:312)
at org.testng.SuiteRunnerWorker.runSuite(SuiteRunnerWorker.java:52)
at org.testng.SuiteRunnerWorker.run(SuiteRunnerWorker.java:95)
at org.testng.TestNG.runSuitesSequentially(TestNG.java:1274)
at org.testng.TestNG.runSuitesLocally(TestNG.java:1208)
at org.testng.TestNG.runSuites(TestNG.java:1112)
at org.testng.TestNG.run(TestNG.java:1079)
at org.testng.remote.AbstractRemoteTestNG.run(AbstractRemoteTestNG.java:115)
at org.testng.remote.RemoteTestNG.initAndRun(RemoteTestNG.java:293)
at org.testng.remote.RemoteTestNG.main(RemoteTestNG.java:91)
Caused by: java.lang.IllegalStateException: chromedriver must exist: path\to\chromedriver
at org.openqa.selenium.internal.Require$PathStateChecker.isExecutable(Require.java:370)
at org.openqa.selenium.remote.service.DriverFinder.getBinaryPaths(DriverFinder.java:121)
... 36 more
]]>
    </error>
  </testcase> <!-- setUp -->
  <testcase classname="testng_selenium.SimpleEbayTests" name="test9ShopAllCategories" time="0.000">
    <skipped/>
  </testcase> <!-- test9ShopAllCategories -->
  <testcase classname="testng_selenium.SimpleEbayTests" name="test3AddToCart" time="0.000">
    <skipped/>
  </testcase> <!-- test3AddToCart -->
  <testcase classname="testng_selenium.SimpleEbayTests" name="test8ProductDescription" time="0.000">
    <skipped/>
  </testcase> <!-- test8ProductDescription -->
</testsuite> <!-- testng_selenium.SimpleEbayTests -->
